<?xml version="1.0" encoding="UTF-8"?>
<testsuite name="ru.cft.template.WalletApplicationTests" tests="1" skipped="0" failures="0" errors="0" timestamp="2024-01-30T13:46:58" hostname="DESKTOP-0UV5HBS" time="2.281">
  <properties/>
  <testcase name="contextLoads()" classname="ru.cft.template.WalletApplicationTests" time="2.281"/>
  <system-out><![CDATA[20:46:49.686 [Test worker] INFO org.springframework.test.context.support.AnnotationConfigContextLoaderUtils -- Could not detect default configuration classes for test class [ru.cft.template.WalletApplicationTests]: WalletApplicationTests does not declare any static, non-private, non-final, nested classes annotated with @Configuration.
20:46:50.020 [Test worker] INFO org.springframework.boot.test.context.SpringBootTestContextBootstrapper -- Found @SpringBootConfiguration ru.cft.template.WalletApplication for test class ru.cft.template.WalletApplicationTests

  .   ____          _            __ _ _
 /\\ / ___'_ __ _ _(_)_ __  __ _ \ \ \ \
( ( )\___ | '_ | '_| | '_ \/ _` | \ \ \ \
 \\/  ___)| |_)| | | | | || (_| |  ) ) ) )
  '  |____| .__|_| |_|_| |_\__, | / / / /
 =========|_|==============|___/=/_/_/_/
 :: Spring Boot ::                (v3.2.2)

2024-01-30T20:46:51.826+07:00  INFO 12960 --- [    Test worker] ru.cft.template.WalletApplicationTests   : Starting WalletApplicationTests using Java 17.0.1 with PID 12960 (started by Основной in C:\Users\Основной\Desktop\3\backend-winter-2024-template)
2024-01-30T20:46:51.829+07:00  INFO 12960 --- [    Test worker] ru.cft.template.WalletApplicationTests   : No active profile set, falling back to 1 default profile: "default"
2024-01-30T20:46:53.190+07:00  INFO 12960 --- [    Test worker] .s.d.r.c.RepositoryConfigurationDelegate : Bootstrapping Spring Data JPA repositories in DEFAULT mode.
2024-01-30T20:46:53.254+07:00  INFO 12960 --- [    Test worker] .s.d.r.c.RepositoryConfigurationDelegate : Finished Spring Data repository scanning in 43 ms. Found 0 JPA repository interfaces.
2024-01-30T20:46:54.037+07:00  INFO 12960 --- [    Test worker] com.zaxxer.hikari.HikariDataSource       : HikariPool-1 - Starting...
2024-01-30T20:46:54.309+07:00  INFO 12960 --- [    Test worker] com.zaxxer.hikari.pool.HikariPool        : HikariPool-1 - Added connection org.postgresql.jdbc.PgConnection@118acf70
2024-01-30T20:46:54.312+07:00  INFO 12960 --- [    Test worker] com.zaxxer.hikari.HikariDataSource       : HikariPool-1 - Start completed.
2024-01-30T20:46:54.505+07:00  INFO 12960 --- [    Test worker] o.f.c.internal.license.VersionPrinter    : Flyway Community Edition 9.22.3 by Redgate
2024-01-30T20:46:54.505+07:00  INFO 12960 --- [    Test worker] o.f.c.internal.license.VersionPrinter    : See release notes here: https://rd.gt/416ObMi
2024-01-30T20:46:54.506+07:00  INFO 12960 --- [    Test worker] o.f.c.internal.license.VersionPrinter    : 
2024-01-30T20:46:54.544+07:00  INFO 12960 --- [    Test worker] org.flywaydb.core.FlywayExecutor         : Database: jdbc:postgresql://localhost:5430/wallet (PostgreSQL 12.17)
2024-01-30T20:46:54.633+07:00  INFO 12960 --- [    Test worker] o.f.c.i.s.JdbcTableSchemaHistory         : Schema history table "public"."flyway_schema_history" does not exist yet
2024-01-30T20:46:54.643+07:00  INFO 12960 --- [    Test worker] o.f.core.internal.command.DbValidate     : Successfully validated 1 migration (execution time 00:00.052s)
2024-01-30T20:46:54.680+07:00  INFO 12960 --- [    Test worker] o.f.c.i.s.JdbcTableSchemaHistory         : Creating Schema History table "public"."flyway_schema_history" ...
2024-01-30T20:46:54.804+07:00  INFO 12960 --- [    Test worker] o.f.core.internal.command.DbMigrate      : Current version of schema "public": << Empty Schema >>
2024-01-30T20:46:54.820+07:00  INFO 12960 --- [    Test worker] o.f.core.internal.command.DbMigrate      : Migrating schema "public" to version "1 - create tables"
2024-01-30T20:46:54.979+07:00  INFO 12960 --- [    Test worker] o.f.core.internal.command.DbMigrate      : Successfully applied 1 migration to schema "public", now at version v1 (execution time 00:00.020s)
2024-01-30T20:46:55.194+07:00  INFO 12960 --- [    Test worker] o.hibernate.jpa.internal.util.LogHelper  : HHH000204: Processing PersistenceUnitInfo [name: default]
2024-01-30T20:46:55.381+07:00  INFO 12960 --- [    Test worker] org.hibernate.Version                    : HHH000412: Hibernate ORM core version 6.4.1.Final
2024-01-30T20:46:55.477+07:00  INFO 12960 --- [    Test worker] o.h.c.internal.RegionFactoryInitiator    : HHH000026: Second-level cache disabled
2024-01-30T20:46:56.189+07:00  INFO 12960 --- [    Test worker] o.s.o.j.p.SpringPersistenceUnitInfo      : No LoadTimeWeaver setup: ignoring JPA class transformer
2024-01-30T20:46:57.251+07:00  INFO 12960 --- [    Test worker] o.h.e.t.j.p.i.JtaPlatformInitiator       : HHH000489: No JTA platform available (set 'hibernate.transaction.jta.platform' to enable JTA platform integration)
2024-01-30T20:46:57.272+07:00  INFO 12960 --- [    Test worker] j.LocalContainerEntityManagerFactoryBean : Initialized JPA EntityManagerFactory for persistence unit 'default'
2024-01-30T20:46:57.653+07:00  WARN 12960 --- [    Test worker] JpaBaseConfiguration$JpaWebConfiguration : spring.jpa.open-in-view is enabled by default. Therefore, database queries may be performed during view rendering. Explicitly configure spring.jpa.open-in-view to disable this warning
2024-01-30T20:46:58.482+07:00  INFO 12960 --- [    Test worker] ru.cft.template.WalletApplicationTests   : Started WalletApplicationTests in 8.111 seconds (process running for 11.918)
]]></system-out>
  <system-err><![CDATA[]]></system-err>
</testsuite>
